<?xml version="1.0" encoding="UTF-8"?>
<testsuite xmlns:xsi="http://www.w3.org/2001/XMLSchema-instance" xsi:noNamespaceSchemaLocation="https://maven.apache.org/surefire/maven-surefire-plugin/xsd/surefire-test-report-3.0.xsd" version="3.0" name="com.socslingo.models.UserTest" time="0.063" tests="10" errors="0" skipped="0" failures="0">
  <properties>
[...]
</properties>
  <testcase name="testToStringWithEmptyFields" classname="com.socslingo.models.UserTest" time="0.02"/>
  <testcase name="testSetEmailToNull" classname="com.socslingo.models.UserTest" time="0.002"/>
  <testcase name="testSetPasswordToEmptyString" classname="com.socslingo.models.UserTest" time="0.003"/>
  <testcase name="testToString" classname="com.socslingo.models.UserTest" time="0.003"/>
  <testcase name="testToStringWithNullFields" classname="com.socslingo.models.UserTest" time="0.001"/>
  <testcase name="testSettersAndGetters" classname="com.socslingo.models.UserTest" time="0.002"/>
  <testcase name="testUserConstructor" classname="com.socslingo.models.UserTest" time="0.002"/>
  <testcase name="testSetUsernameToEmptyString" classname="com.socslingo.models.UserTest" time="0.002"/>
  <testcase name="testEmailSetterAndGetter" classname="com.socslingo.models.UserTest" time="0.011"/>
  <testcase name="testUpdateMultipleFields" classname="com.socslingo.models.UserTest" time="0.002"/>
</testsuite>