<?xml version="1.0" encoding="UTF-8"?>
<testsuite xmlns:xsi="http://www.w3.org/2001/XMLSchema-instance" xsi:noNamespaceSchemaLocation="https://maven.apache.org/surefire/maven-surefire-plugin/xsd/surefire-test-report-3.0.xsd" version="3.0" name="com.socslingo.models.DeckTest" time="0.014" tests="17" errors="0" skipped="0" failures="0">
  <properties>
[...]
</properties>
  <testcase name="testZeroUserId" classname="com.socslingo.models.DeckTest" time="0.006"/>
  <testcase name="testToString" classname="com.socslingo.models.DeckTest" time="0.001"/>
  <testcase name="testDeckCreation" classname="com.socslingo.models.DeckTest" time="0.0"/>
  <testcase name="testEmptyDeckName" classname="com.socslingo.models.DeckTest" time="0.0"/>
  <testcase name="testImmutableDeckId" classname="com.socslingo.models.DeckTest" time="0.0"/>
  <testcase name="testSetCreatedDate" classname="com.socslingo.models.DeckTest" time="0.0"/>
  <testcase name="testNegativeDeckId" classname="com.socslingo.models.DeckTest" time="0.001"/>
  <testcase name="testImmutableUserId" classname="com.socslingo.models.DeckTest" time="0.0"/>
  <testcase name="testSetDeckId" classname="com.socslingo.models.DeckTest" time="0.001"/>
  <testcase name="testGetDeckId" classname="com.socslingo.models.DeckTest" time="0.0"/>
  <testcase name="testMultipleDecks" classname="com.socslingo.models.DeckTest" time="0.001"/>
  <testcase name="testSetUserId" classname="com.socslingo.models.DeckTest" time="0.0"/>
  <testcase name="testNullDeckName" classname="com.socslingo.models.DeckTest" time="0.001"/>
  <testcase name="testGetUserId" classname="com.socslingo.models.DeckTest" time="0.0"/>
  <testcase name="testSetDeckName" classname="com.socslingo.models.DeckTest" time="0.0"/>
  <testcase name="testGetCreatedDate" classname="com.socslingo.models.DeckTest" time="0.0"/>
  <testcase name="testGetDeckName" classname="com.socslingo.models.DeckTest" time="0.001"/>
</testsuite>