<?xml version="1.0" encoding="UTF-8"?>
<testsuite xmlns:xsi="http://www.w3.org/2001/XMLSchema-instance" xsi:noNamespaceSchemaLocation="https://maven.apache.org/surefire/maven-surefire-plugin/xsd/surefire-test-report-3.0.xsd" version="3.0" name="com.socslingo.models.CharacterRecognitionTest" time="0.211" tests="17" errors="0" skipped="0" failures="0">
  <properties>
[...]
</properties>
  <testcase name="testSpecialCharacters" classname="com.socslingo.models.CharacterRecognitionTest" time="0.199">
    <system-out><![CDATA[12:38:58.912 [main] INFO com.socslingo.models.CharacterRecognition -- CharacterRecognition created: CharacterRecognition{activityId=115, characterType='Katakana', character='シ', romaji='shi'}
]]></system-out>
  </testcase>
  <testcase name="testGetCharacter" classname="com.socslingo.models.CharacterRecognitionTest" time="0.001">
    <system-out><![CDATA[12:38:58.931 [main] INFO com.socslingo.models.CharacterRecognition -- CharacterRecognition created: CharacterRecognition{activityId=106, characterType='Kanji', character='日', romaji='ni'}
]]></system-out>
  </testcase>
  <testcase name="testToStringKatakana" classname="com.socslingo.models.CharacterRecognitionTest" time="0.0">
    <system-out><![CDATA[12:38:58.932 [main] INFO com.socslingo.models.CharacterRecognition -- CharacterRecognition created: CharacterRecognition{activityId=109, characterType='Katakana', character='ケ', romaji='ke'}
]]></system-out>
  </testcase>
  <testcase name="testCharacterRecognitionCreationKatakana" classname="com.socslingo.models.CharacterRecognitionTest" time="0.001">
    <system-out><![CDATA[12:38:58.933 [main] INFO com.socslingo.models.CharacterRecognition -- CharacterRecognition created: CharacterRecognition{activityId=102, characterType='Katakana', character='ケ', romaji='ke'}
]]></system-out>
  </testcase>
  <testcase name="testGetActivityId" classname="com.socslingo.models.CharacterRecognitionTest" time="0.0">
    <system-out><![CDATA[12:38:58.933 [main] INFO com.socslingo.models.CharacterRecognition -- CharacterRecognition created: CharacterRecognition{activityId=104, characterType='Hiragana', character='う', romaji='u'}
]]></system-out>
  </testcase>
  <testcase name="testCharacterRecognitionCreationKanji" classname="com.socslingo.models.CharacterRecognitionTest" time="0.0">
    <system-out><![CDATA[12:38:58.934 [main] INFO com.socslingo.models.CharacterRecognition -- CharacterRecognition created: CharacterRecognition{activityId=103, characterType='Kanji', character='木', romaji='ki'}
]]></system-out>
  </testcase>
  <testcase name="testToStringKanji" classname="com.socslingo.models.CharacterRecognitionTest" time="0.001">
    <system-out><![CDATA[12:38:58.935 [main] INFO com.socslingo.models.CharacterRecognition -- CharacterRecognition created: CharacterRecognition{activityId=110, characterType='Kanji', character='森', romaji='mori'}
]]></system-out>
  </testcase>
  <testcase name="testMultipleCharacterRecognition" classname="com.socslingo.models.CharacterRecognitionTest" time="0.0">
    <system-out><![CDATA[12:38:58.936 [main] INFO com.socslingo.models.CharacterRecognition -- CharacterRecognition created: CharacterRecognition{activityId=111, characterType='Hiragana', character='か', romaji='ka'}
12:38:58.936 [main] INFO com.socslingo.models.CharacterRecognition -- CharacterRecognition created: CharacterRecognition{activityId=112, characterType='Katakana', character='カー', romaji='kaa'}
12:38:58.936 [main] INFO com.socslingo.models.CharacterRecognition -- CharacterRecognition created: CharacterRecognition{activityId=113, characterType='Kanji', character='火', romaji='hi'}
]]></system-out>
  </testcase>
  <testcase name="testImmutableFields" classname="com.socslingo.models.CharacterRecognitionTest" time="0.001">
    <system-out><![CDATA[12:38:58.936 [main] INFO com.socslingo.models.CharacterRecognition -- CharacterRecognition created: CharacterRecognition{activityId=114, characterType='Hiragana', character='き', romaji='ki'}
]]></system-out>
  </testcase>
  <testcase name="testToStringHiragana" classname="com.socslingo.models.CharacterRecognitionTest" time="0.002">
    <system-out><![CDATA[12:38:58.937 [main] INFO com.socslingo.models.CharacterRecognition -- CharacterRecognition created: CharacterRecognition{activityId=108, characterType='Hiragana', character='お', romaji='o'}
]]></system-out>
  </testcase>
  <testcase name="testGetCharacterType" classname="com.socslingo.models.CharacterRecognitionTest" time="0.0">
    <system-out><![CDATA[12:38:58.939 [main] INFO com.socslingo.models.CharacterRecognition -- CharacterRecognition created: CharacterRecognition{activityId=105, characterType='Katakana', character='ク', romaji='ku'}
]]></system-out>
  </testcase>
  <testcase name="testNegativeActivityId" classname="com.socslingo.models.CharacterRecognitionTest" time="0.001">
    <system-out><![CDATA[12:38:58.940 [main] INFO com.socslingo.models.CharacterRecognition -- CharacterRecognition created: CharacterRecognition{activityId=-117, characterType='Hiragana', character='つ', romaji='tsu'}
]]></system-out>
  </testcase>
  <testcase name="testEmptyRomaji" classname="com.socslingo.models.CharacterRecognitionTest" time="0.0">
    <system-out><![CDATA[12:38:58.940 [main] INFO com.socslingo.models.CharacterRecognition -- CharacterRecognition created: CharacterRecognition{activityId=118, characterType='Kanji', character='日', romaji=''}
]]></system-out>
  </testcase>
  <testcase name="testCharacterRecognitionCreationHiragana" classname="com.socslingo.models.CharacterRecognitionTest" time="0.001">
    <system-out><![CDATA[12:38:58.941 [main] INFO com.socslingo.models.CharacterRecognition -- CharacterRecognition created: CharacterRecognition{activityId=101, characterType='Hiragana', character='あ', romaji='a'}
]]></system-out>
  </testcase>
  <testcase name="testGetRomaji" classname="com.socslingo.models.CharacterRecognitionTest" time="0.0">
    <system-out><![CDATA[12:38:58.941 [main] INFO com.socslingo.models.CharacterRecognition -- CharacterRecognition created: CharacterRecognition{activityId=107, characterType='Hiragana', character='え', romaji='e'}
]]></system-out>
  </testcase>
  <testcase name="testZeroActivityId" classname="com.socslingo.models.CharacterRecognitionTest" time="0.001">
    <system-out><![CDATA[12:38:58.941 [main] INFO com.socslingo.models.CharacterRecognition -- CharacterRecognition created: CharacterRecognition{activityId=0, characterType='Katakana', character='ツ', romaji='tsu'}
]]></system-out>
  </testcase>
  <testcase name="testUnicodeCharacters" classname="com.socslingo.models.CharacterRecognitionTest" time="0.0">
    <system-out><![CDATA[12:38:58.942 [main] INFO com.socslingo.models.CharacterRecognition -- CharacterRecognition created: CharacterRecognition{activityId=116, characterType='Kanji', character='愛', romaji='ai'}
]]></system-out>
  </testcase>
</testsuite>